#
# A fatal error has been detected by the Java Runtime Environment:
#
#  SIGSEGV (0xb) at pc=0x694000f0, pid=19256, tid=1822944064
#
# JRE version: 7.0_07-b30
# Java VM: OpenJDK Server VM (23.2-b09 mixed mode linux-x86 )
# Problematic frame:
# C  0x694000f0
#
# Failed to write core dump. Core dumps have been disabled. To enable core dumping, try "ulimit -c unlimited" before starting Java again
#
# If you would like to submit a bug report, please include
# instructions on how to reproduce the bug and visit:
#   https://bugs.launchpad.net/ubuntu/+source/openjdk-7/
#

---------------  T H R E A D  ---------------

Current thread (0x69304000):  JavaThread "JDWP Transport Listener: dt_socket" daemon [_thread_in_vm, id=19274, stack(0x6ca2e000,0x6ca7f000)]

siginfo:si_signo=SIGSEGV: si_errno=0, si_code=2 (SEGV_ACCERR), si_addr=0x694000f0

Registers:
EAX=0x69400068, EBX=0xb7111ff4, ECX=0x69400070, EDX=0x6ca7df8c
ESP=0x6ca7df5c, EBP=0x69400070, ESI=0x69304000, EDI=0xb6503278
EIP=0x694000f0, EFLAGS=0x00210202, CR2=0x694000f0

Top of Stack: (sp=0x6ca7df5c)
0x6ca7df5c:   b6c6615b 69400070 69304000 69304e04
0x6ca7df6c:   b6c5b07c b64ff960 6ca7e0bc 6ca7df8c
0x6ca7df7c:   69400070 69304000 b76b35ff b64feff4
0x6ca7df8c:   69304000 00000000 00000000 00000000
0x6ca7df9c:   69304000 b6503278 00000190 00000004
0x6ca7dfac:   b64feff4 6ca7e02f b64ff960 6ca7dfe8
0x6ca7dfbc:   b64e9c96 b6503278 69400078 6ca7e02f
0x6ca7dfcc:   b64dedf1 00000004 694005d0 ffffffff 

Instructions: (pc=0x694000f0)
0x694000d0:   c8 00 40 69 c8 00 40 69 d0 00 40 69 d0 00 40 69
0x694000e0:   d8 00 40 69 d8 00 40 69 e0 00 40 69 e0 00 40 69
0x694000f0:   e8 00 40 69 e8 00 40 69 f0 00 40 69 f0 00 40 69
0x69400100:   f8 00 40 69 f8 00 40 69 00 01 40 69 00 01 40 69 

Register to memory mapping:

EAX=0x69400068 is an unknown value
EBX=0xb7111ff4: <offset 0x92bff4> in /usr/lib/jvm/java-7-openjdk-i386/jre/lib/i386/server/libjvm.so at 0xb67e6000
ECX=0x69400070 is an unknown value
EDX=0x6ca7df8c is pointing into the stack for thread: 0x69304000
ESP=0x6ca7df5c is pointing into the stack for thread: 0x69304000
EBP=0x69400070 is an unknown value
ESI=0x69304000 is a thread
EDI=0xb6503278 is an unknown value


Stack: [0x6ca2e000,0x6ca7f000],  sp=0x6ca7df5c,  free space=319k
Native frames: (J=compiled Java code, j=interpreted, Vv=VM code, C=native code)
C  0x694000f0


---------------  P R O C E S S  ---------------

Java Threads: ( => current thread )
  0x6930c400 JavaThread "Service Thread" daemon [_thread_blocked, id=19283, stack(0x6905c000,0x690ad000)]
  0x6930a800 JavaThread "C2 CompilerThread1" daemon [_thread_blocked, id=19282, stack(0x690ad000,0x6912e000)]
  0x69308400 JavaThread "C2 CompilerThread0" daemon [_thread_blocked, id=19281, stack(0x6912e000,0x691af000)]
  0x69400800 JavaThread "JDWP Command Reader" daemon [_thread_in_native, id=19278, stack(0x691af000,0x69200000)]
  0x69306c00 JavaThread "JDWP Event Helper Thread" daemon [_thread_blocked, id=19277, stack(0x6c82e000,0x6c87f000)]
=>0x69304000 JavaThread "JDWP Transport Listener: dt_socket" daemon [_thread_in_vm, id=19274, stack(0x6ca2e000,0x6ca7f000)]
  0x696fac00 JavaThread "Signal Dispatcher" daemon [_thread_blocked, id=19272, stack(0x6cc2e000,0x6cc7f000)]
  0x696b9000 JavaThread "Finalizer" daemon [_thread_blocked, id=19269, stack(0x6ce04000,0x6ce55000)]
  0x696b6400 JavaThread "Reference Handler" daemon [_thread_blocked, id=19268, stack(0x6952e000,0x6957f000)]
  0xb6507c00 JavaThread "main" [_thread_blocked, id=19262, stack(0xb6666000,0xb66b7000)]

Other Threads:
  0x696b0c00 VMThread [stack: 0x6957f000,0x69600000] [id=19267]
  0x6930e400 WatcherThread [stack: 0x68fdb000,0x6905c000] [id=19284]

VM state:not at safepoint (normal execution)

VM Mutex/Monitor currently owned by a thread: None

Heap
 PSYoungGen      total 18496K, used 952K [0x9e690000, 0x9fb30000, 0xb3090000)
  eden space 15872K, 6% used [0x9e690000,0x9e77e200,0x9f610000)
  from space 2624K, 0% used [0x9f8a0000,0x9f8a0000,0x9fb30000)
  to   space 2624K, 0% used [0x9f610000,0x9f610000,0x9f8a0000)
 ParOldGen       total 42240K, used 0K [0x75290000, 0x77bd0000, 0x9e690000)
  object space 42240K, 0% used [0x75290000,0x75290000,0x77bd0000)
 PSPermGen       total 16384K, used 2055K [0x6d290000, 0x6e290000, 0x75290000)
  object space 16384K, 12% used [0x6d290000,0x6d491e98,0x6e290000)

Card table byte_map: [0x6d060000,0x6d290000] byte_map_base: 0x6ccf6b80

Polling page: 0xb773e000

Code Cache  [0xb3159000, 0xb3399000, 0xb6159000)
 total_blobs=90 nmethods=0 adapters=66 free_code_cache=48865Kb largest_free_block=50038080

Compilation events (0 events):
No events

GC Heap History (0 events):
No events

Deoptimization events (0 events):
No events

Internal exceptions (8 events):
Event: 0.035 Thread 0xb6507c00 Threw 0x9e695fe8 at /build/buildd/openjdk-7-7u7-2.3.2a/build/openjdk/hotspot/src/share/vm/prims/jni.cpp:3994
Event: 0.118 Thread 0xb6507c00 Threw 0x9e6dbe90 at /build/buildd/openjdk-7-7u7-2.3.2a/build/openjdk/hotspot/src/share/vm/prims/jni.cpp:716
Event: 0.118 Thread 0xb6507c00 Threw 0x9e6dc020 at /build/buildd/openjdk-7-7u7-2.3.2a/build/openjdk/hotspot/src/share/vm/prims/jvm.cpp:1166
Event: 0.118 Thread 0xb6507c00 Threw 0x9e6dc138 at /build/buildd/openjdk-7-7u7-2.3.2a/build/openjdk/hotspot/src/share/vm/prims/jvm.cpp:1166
Event: 0.121 Thread 0xb6507c00 Threw 0x9e72f700 at /build/buildd/openjdk-7-7u7-2.3.2a/build/openjdk/hotspot/src/share/vm/prims/jvm.cpp:1166
Event: 0.125 Thread 0xb6507c00 Threw 0x9e735028 at /build/buildd/openjdk-7-7u7-2.3.2a/build/openjdk/hotspot/src/share/vm/prims/jvm.cpp:1166
Event: 0.129 Thread 0xb6507c00 Threw 0x9e738fa8 at /build/buildd/openjdk-7-7u7-2.3.2a/build/openjdk/hotspot/src/share/vm/prims/jvm.cpp:1166
Event: 0.137 Thread 0xb6507c00 Threw 0x9e73d2a0 at /build/buildd/openjdk-7-7u7-2.3.2a/build/openjdk/hotspot/src/share/vm/prims/jvm.cpp:1166

Events (10 events):
Event: 4341.127 Executing VM operation: ChangeBreakpoints
Event: 4341.127 Executing VM operation: ChangeBreakpoints done
Event: 4469.748 Executing VM operation: RedefineClasses
Event: 4469.749 Executing VM operation: RedefineClasses done
Event: 4469.754 Executing VM operation: ChangeBreakpoints
Event: 4469.754 Executing VM operation: ChangeBreakpoints done
Event: 4469.754 Executing VM operation: ChangeBreakpoints
Event: 4469.754 Executing VM operation: ChangeBreakpoints done
Event: 8323.522 Executing VM operation: RedefineClasses
Event: 8323.522 Executing VM operation: RedefineClasses done


Dynamic libraries:
08048000-08049000 r-xp 00000000 00:11 4302835    /usr/lib/jvm/java-7-openjdk-i386/jre/bin/java
08049000-0804a000 r--p 00000000 00:11 4302835    /usr/lib/jvm/java-7-openjdk-i386/jre/bin/java
0804a000-0804b000 rw-p 00001000 00:11 4302835    /usr/lib/jvm/java-7-openjdk-i386/jre/bin/java
093c9000-093ea000 rw-p 00000000 00:00 0          [heap]
68fdb000-68fdc000 ---p 00000000 00:00 0 
68fdc000-6905c000 rw-p 00000000 00:00 0 
6905c000-6905f000 ---p 00000000 00:00 0 
6905f000-690ad000 rw-p 00000000 00:00 0 
690ad000-690b0000 ---p 00000000 00:00 0 
690b0000-6912e000 rw-p 00000000 00:00 0 
6912e000-69131000 ---p 00000000 00:00 0 
69131000-691af000 rw-p 00000000 00:00 0 
691af000-691b2000 ---p 00000000 00:00 0 
691b2000-69200000 rw-p 00000000 00:00 0 
69200000-69221000 rw-p 00000000 00:00 0 
69221000-69300000 ---p 00000000 00:00 0 
69300000-69359000 rw-p 00000000 00:00 0 
69359000-69400000 ---p 00000000 00:00 0 
69400000-69421000 rw-p 00000000 00:00 0 
69421000-69500000 ---p 00000000 00:00 0 
6952e000-69531000 ---p 00000000 00:00 0 
69531000-6957f000 rw-p 00000000 00:00 0 
6957f000-69580000 ---p 00000000 00:00 0 
69580000-69600000 rw-p 00000000 00:00 0 
69600000-696ff000 rw-p 00000000 00:00 0 
696ff000-69700000 ---p 00000000 00:00 0 
69731000-69779000 rw-p 00000000 00:00 0 
69779000-69925000 r--s 01cd7000 00:11 4302861    /usr/lib/jvm/java-7-openjdk-i386/jre/lib/rt.jar
69925000-6c700000 rw-p 00000000 00:00 0 
6c700000-6c721000 rw-p 00000000 00:00 0 
6c721000-6c800000 ---p 00000000 00:00 0 
6c82e000-6c831000 ---p 00000000 00:00 0 
6c831000-6c87f000 rw-p 00000000 00:00 0 
6c87f000-6c880000 ---p 00000000 00:00 0 
6c880000-6c900000 rw-p 00000000 00:00 0 
6c900000-6c921000 rw-p 00000000 00:00 0 
6c921000-6ca00000 ---p 00000000 00:00 0 
6ca2e000-6ca31000 ---p 00000000 00:00 0 
6ca31000-6ca7f000 rw-p 00000000 00:00 0 
6ca7f000-6ca80000 ---p 00000000 00:00 0 
6ca80000-6cb00000 rw-p 00000000 00:00 0 
6cb00000-6cb21000 rw-p 00000000 00:00 0 
6cb21000-6cc00000 ---p 00000000 00:00 0 
6cc2e000-6cc31000 ---p 00000000 00:00 0 
6cc31000-6cc7f000 rw-p 00000000 00:00 0 
6cc7f000-6cc80000 ---p 00000000 00:00 0 
6cc80000-6cd00000 rw-p 00000000 00:00 0 
6cd00000-6cd21000 rw-p 00000000 00:00 0 
6cd21000-6ce00000 ---p 00000000 00:00 0 
6ce04000-6ce07000 ---p 00000000 00:00 0 
6ce07000-6ce55000 rw-p 00000000 00:00 0 
6ce55000-6ce56000 ---p 00000000 00:00 0 
6ce56000-6cede000 rw-p 00000000 00:00 0 
6cede000-6cf16000 rw-p 00000000 00:00 0 
6cf16000-6cf2b000 rw-p 00000000 00:00 0 
6cf2b000-6d060000 rw-p 00000000 00:00 0 
6d060000-6d068000 rw-p 00000000 00:00 0 
6d068000-6d0a0000 rw-p 00000000 00:00 0 
6d0a0000-6d0b5000 rw-p 00000000 00:00 0 
6d0b5000-6d1ea000 rw-p 00000000 00:00 0 
6d1ea000-6d1f5000 rw-p 00000000 00:00 0 
6d1f5000-6d28f000 rw-p 00000000 00:00 0 
6d28f000-6e290000 rw-p 00000000 00:00 0 
6e290000-75290000 rw-p 00000000 00:00 0 
75290000-77bd0000 rw-p 00000000 00:00 0 
77bd0000-9e690000 rw-p 00000000 00:00 0 
9e690000-9fb30000 rw-p 00000000 00:00 0 
9fb30000-b3090000 rw-p 00000000 00:00 0 
b3099000-b30a2000 rw-p 00000000 00:00 0 
b30a2000-b3159000 rw-p 00000000 00:00 0 
b3159000-b3399000 rwxp 00000000 00:00 0 
b3399000-b6159000 rw-p 00000000 00:00 0 
b6159000-b6164000 r-xp 00000000 00:11 4345230    /lib/i386-linux-gnu/libnss_files-2.15.so
b6164000-b6165000 r--p 0000a000 00:11 4345230    /lib/i386-linux-gnu/libnss_files-2.15.so
b6165000-b6166000 rw-p 0000b000 00:11 4345230    /lib/i386-linux-gnu/libnss_files-2.15.so
b618e000-b62c0000 r--p 004a5000 00:11 71050      /usr/lib/locale/locale-archive
b62c0000-b64c0000 r--p 00000000 00:11 71050      /usr/lib/locale/locale-archive
b64c0000-b64fe000 r-xp 00000000 00:11 4302894    /usr/lib/jvm/java-7-openjdk-i386/jre/lib/i386/libjdwp.so
b64fe000-b64ff000 r--p 0003d000 00:11 4302894    /usr/lib/jvm/java-7-openjdk-i386/jre/lib/i386/libjdwp.so
b64ff000-b6500000 rw-p 0003e000 00:11 4302894    /usr/lib/jvm/java-7-openjdk-i386/jre/lib/i386/libjdwp.so
b6500000-b65fc000 rw-p 00000000 00:00 0 
b65fc000-b6600000 ---p 00000000 00:00 0 
b660e000-b6610000 r--s 00012000 00:11 4303081    /usr/lib/jvm/java-7-openjdk-common/jre/lib/ext/zipfs.jar
b6610000-b6613000 r--s 0000f000 00:11 4303079    /usr/lib/jvm/java-7-openjdk-common/jre/lib/ext/pulse-java.jar
b6613000-b6614000 r--s 00002000 00:11 4303080    /usr/lib/jvm/java-7-openjdk-common/jre/lib/ext/dnsns.jar
b6614000-b6615000 r--s 00007000 00:11 233645     /usr/share/java/java-atk-wrapper.jar
b6615000-b6619000 r--s 00085000 00:11 4303077    /usr/lib/jvm/java-7-openjdk-common/jre/lib/ext/localedata.jar
b6619000-b661c000 r--s 00032000 00:11 4303078    /usr/lib/jvm/java-7-openjdk-common/jre/lib/ext/sunjce_provider.jar
b661c000-b6620000 r-xp 00000000 00:11 4302892    /usr/lib/jvm/java-7-openjdk-i386/jre/lib/i386/libdt_socket.so
b6620000-b6621000 r--p 00003000 00:11 4302892    /usr/lib/jvm/java-7-openjdk-i386/jre/lib/i386/libdt_socket.so
b6621000-b6622000 rw-p 00004000 00:11 4302892    /usr/lib/jvm/java-7-openjdk-i386/jre/lib/i386/libdt_socket.so
b6622000-b662a000 r-xp 00000000 00:11 4302867    /usr/lib/jvm/java-7-openjdk-i386/jre/lib/i386/libzip.so
b662a000-b662b000 r--p 00007000 00:11 4302867    /usr/lib/jvm/java-7-openjdk-i386/jre/lib/i386/libzip.so
b662b000-b662c000 rw-p 00008000 00:11 4302867    /usr/lib/jvm/java-7-openjdk-i386/jre/lib/i386/libzip.so
b662c000-b6634000 rw-s 00000000 08:02 5751005    /tmp/hsperfdata_cdesal/19256
b6634000-b665b000 r-xp 00000000 00:11 4302890    /usr/lib/jvm/java-7-openjdk-i386/jre/lib/i386/libjava.so
b665b000-b665c000 r--p 00026000 00:11 4302890    /usr/lib/jvm/java-7-openjdk-i386/jre/lib/i386/libjava.so
b665c000-b665d000 rw-p 00027000 00:11 4302890    /usr/lib/jvm/java-7-openjdk-i386/jre/lib/i386/libjava.so
b665d000-b6664000 r-xp 00000000 00:11 4345219    /lib/i386-linux-gnu/librt-2.15.so
b6664000-b6665000 r--p 00006000 00:11 4345219    /lib/i386-linux-gnu/librt-2.15.so
b6665000-b6666000 rw-p 00007000 00:11 4345219    /lib/i386-linux-gnu/librt-2.15.so
b6666000-b6669000 ---p 00000000 00:00 0 
b6669000-b66b7000 rw-p 00000000 00:00 0 
b66b7000-b66d3000 r-xp 00000000 00:11 5426       /lib/i386-linux-gnu/libgcc_s.so.1
b66d3000-b66d4000 r--p 0001b000 00:11 5426       /lib/i386-linux-gnu/libgcc_s.so.1
b66d4000-b66d5000 rw-p 0001c000 00:11 5426       /lib/i386-linux-gnu/libgcc_s.so.1
b66d5000-b66ff000 r-xp 00000000 00:11 4345222    /lib/i386-linux-gnu/libm-2.15.so
b66ff000-b6700000 r--p 00029000 00:11 4345222    /lib/i386-linux-gnu/libm-2.15.so
b6700000-b6701000 rw-p 0002a000 00:11 4345222    /lib/i386-linux-gnu/libm-2.15.so
b6701000-b67d9000 r-xp 00000000 00:11 64197      /usr/lib/i386-linux-gnu/libstdc++.so.6.0.16
b67d9000-b67da000 ---p 000d8000 00:11 64197      /usr/lib/i386-linux-gnu/libstdc++.so.6.0.16
b67da000-b67de000 r--p 000d8000 00:11 64197      /usr/lib/i386-linux-gnu/libstdc++.so.6.0.16
b67de000-b67df000 rw-p 000dc000 00:11 64197      /usr/lib/i386-linux-gnu/libstdc++.so.6.0.16
b67df000-b67e6000 rw-p 00000000 00:00 0 
b67e6000-b70cb000 r-xp 00000000 00:11 4302869    /usr/lib/jvm/java-7-openjdk-i386/jre/lib/i386/server/libjvm.so
b70cb000-b7112000 r--p 008e4000 00:11 4302869    /usr/lib/jvm/java-7-openjdk-i386/jre/lib/i386/server/libjvm.so
b7112000-b7126000 rw-p 0092b000 00:11 4302869    /usr/lib/jvm/java-7-openjdk-i386/jre/lib/i386/server/libjvm.so
b7126000-b7544000 rw-p 00000000 00:00 0 
b7544000-b7558000 r-xp 00000000 00:11 5478       /lib/i386-linux-gnu/libz.so.1.2.3.4
b7558000-b7559000 r--p 00013000 00:11 5478       /lib/i386-linux-gnu/libz.so.1.2.3.4
b7559000-b755a000 rw-p 00014000 00:11 5478       /lib/i386-linux-gnu/libz.so.1.2.3.4
b755a000-b7571000 r-xp 00000000 00:11 4345236    /lib/i386-linux-gnu/libpthread-2.15.so
b7571000-b7572000 r--p 00016000 00:11 4345236    /lib/i386-linux-gnu/libpthread-2.15.so
b7572000-b7573000 rw-p 00017000 00:11 4345236    /lib/i386-linux-gnu/libpthread-2.15.so
b7573000-b7575000 rw-p 00000000 00:00 0 
b7575000-b7578000 r-xp 00000000 00:11 4345228    /lib/i386-linux-gnu/libdl-2.15.so
b7578000-b7579000 r--p 00002000 00:11 4345228    /lib/i386-linux-gnu/libdl-2.15.so
b7579000-b757a000 rw-p 00003000 00:11 4345228    /lib/i386-linux-gnu/libdl-2.15.so
b757a000-b771d000 r-xp 00000000 00:11 4345235    /lib/i386-linux-gnu/libc-2.15.so
b771d000-b771e000 ---p 001a3000 00:11 4345235    /lib/i386-linux-gnu/libc-2.15.so
b771e000-b7720000 r--p 001a3000 00:11 4345235    /lib/i386-linux-gnu/libc-2.15.so
b7720000-b7721000 rw-p 001a5000 00:11 4345235    /lib/i386-linux-gnu/libc-2.15.so
b7721000-b7725000 rw-p 00000000 00:00 0 
b7727000-b772a000 r--s 0003c000 00:11 4303076    /usr/lib/jvm/java-7-openjdk-common/jre/lib/ext/sunpkcs11.jar
b772a000-b7736000 r-xp 00000000 00:11 3786477    /lib/i386-linux-gnu/libnss_ldap.so.2
b7736000-b7737000 r--p 0000b000 00:11 3786477    /lib/i386-linux-gnu/libnss_ldap.so.2
b7737000-b7738000 rw-p 0000c000 00:11 3786477    /lib/i386-linux-gnu/libnss_ldap.so.2
b7738000-b773b000 r-xp 00000000 00:11 4302877    /usr/lib/jvm/java-7-openjdk-i386/jre/lib/i386/libnpt.so
b773b000-b773c000 r--p 00002000 00:11 4302877    /usr/lib/jvm/java-7-openjdk-i386/jre/lib/i386/libnpt.so
b773c000-b773d000 rw-p 00003000 00:11 4302877    /usr/lib/jvm/java-7-openjdk-i386/jre/lib/i386/libnpt.so
b773d000-b773e000 rw-p 00000000 00:00 0 
b773e000-b773f000 r--p 00000000 00:00 0 
b773f000-b774b000 r-xp 00000000 00:11 4302876    /usr/lib/jvm/java-7-openjdk-i386/jre/lib/i386/libverify.so
b774b000-b774c000 r--p 0000b000 00:11 4302876    /usr/lib/jvm/java-7-openjdk-i386/jre/lib/i386/libverify.so
b774c000-b774d000 rw-p 0000c000 00:11 4302876    /usr/lib/jvm/java-7-openjdk-i386/jre/lib/i386/libverify.so
b774d000-b7759000 r-xp 00000000 00:11 4302884    /usr/lib/jvm/java-7-openjdk-i386/jre/lib/i386/jli/libjli.so
b7759000-b775a000 r--p 0000c000 00:11 4302884    /usr/lib/jvm/java-7-openjdk-i386/jre/lib/i386/jli/libjli.so
b775a000-b775b000 rw-p 0000d000 00:11 4302884    /usr/lib/jvm/java-7-openjdk-i386/jre/lib/i386/jli/libjli.so
b775b000-b775d000 rw-p 00000000 00:00 0 
b775d000-b775e000 r-xp 00000000 00:00 0          [vdso]
b775e000-b777e000 r-xp 00000000 00:11 4345231    /lib/i386-linux-gnu/ld-2.15.so
b777e000-b777f000 r--p 0001f000 00:11 4345231    /lib/i386-linux-gnu/ld-2.15.so
b777f000-b7780000 rw-p 00020000 00:11 4345231    /lib/i386-linux-gnu/ld-2.15.so
bfa66000-bfa87000 rw-p 00000000 00:00 0          [stack]

VM Arguments:
jvm_args: -agentlib:jdwp=transport=dt_socket,suspend=y,address=localhost:48265 -Dfile.encoding=UTF-8 
java_command: a2posted.LanguageTester
Launcher Type: SUN_STANDARD

Environment Variables:
PATH=/usr/local/bin:/usr/lib/lightdm/lightdm:/usr/local/sbin:/usr/local/bin:/usr/sbin:/usr/bin:/sbin:/bin:/usr/games:/usr/lib/mpich-mpd/bin:/usr/local/pkgs/pc2-9.2.3/bin
LD_LIBRARY_PATH=/usr/lib/firefox/
SHELL=/usr/local/bin/bash
DISPLAY=:0

Signal Handlers:
SIGSEGV: [libjvm.so+0x7536e0], sa_mask[0]=0x7ffbfeff, sa_flags=0x10000004
SIGBUS: [libjvm.so+0x7536e0], sa_mask[0]=0x7ffbfeff, sa_flags=0x10000004
SIGFPE: [libjvm.so+0x5e9250], sa_mask[0]=0x7ffbfeff, sa_flags=0x10000004
SIGPIPE: [libjvm.so+0x5e9250], sa_mask[0]=0x7ffbfeff, sa_flags=0x10000004
SIGXFSZ: [libjvm.so+0x5e9250], sa_mask[0]=0x7ffbfeff, sa_flags=0x10000004
SIGILL: [libjvm.so+0x5e9250], sa_mask[0]=0x7ffbfeff, sa_flags=0x10000004
SIGUSR1: SIG_DFL, sa_mask[0]=0x00000000, sa_flags=0x00000000
SIGUSR2: [libjvm.so+0x5e90e0], sa_mask[0]=0x00000004, sa_flags=0x10000004
SIGHUP: [libjvm.so+0x5e9710], sa_mask[0]=0x7ffbfeff, sa_flags=0x10000004
SIGINT: [libjvm.so+0x5e9710], sa_mask[0]=0x7ffbfeff, sa_flags=0x10000004
SIGTERM: [libjvm.so+0x5e9710], sa_mask[0]=0x7ffbfeff, sa_flags=0x10000004
SIGQUIT: [libjvm.so+0x5e9710], sa_mask[0]=0x7ffbfeff, sa_flags=0x10000004


---------------  S Y S T E M  ---------------

OS:Ubuntu 12.04 (precise)
uname:Linux 3.2.0-29-generic-pae #46-Ubuntu SMP Fri Jul 27 17:25:43 UTC 2012 i686
libc:glibc 2.15 NPTL 2.15 
rlimit: STACK 8192k, CORE 0k, NPROC 31508, NOFILE 4096, AS infinity
load average:0.04 0.05 0.10

/proc/meminfo:
MemTotal:        4053392 kB
MemFree:         2380004 kB
Buffers:           69476 kB
Cached:           531816 kB
SwapCached:         2516 kB
Active:           634908 kB
Inactive:         713908 kB
Active(anon):     364264 kB
Inactive(anon):   384908 kB
Active(file):     270644 kB
Inactive(file):   329000 kB
Unevictable:           0 kB
Mlocked:               0 kB
HighTotal:       3205956 kB
HighFree:        1684848 kB
LowTotal:         847436 kB
LowFree:          695156 kB
SwapTotal:       8393924 kB
SwapFree:        8381616 kB
Dirty:               116 kB
Writeback:             0 kB
AnonPages:        745484 kB
Mapped:           147760 kB
Shmem:              1648 kB
Slab:              63348 kB
SReclaimable:      42280 kB
SUnreclaim:        21068 kB
KernelStack:        4320 kB
PageTables:         9416 kB
NFS_Unstable:          0 kB
Bounce:                0 kB
WritebackTmp:          0 kB
CommitLimit:    10420620 kB
Committed_AS:    3495672 kB
VmallocTotal:     122880 kB
VmallocUsed:       19516 kB
VmallocChunk:      93744 kB
HardwareCorrupted:     0 kB
AnonHugePages:         0 kB
HugePages_Total:       0
HugePages_Free:        0
HugePages_Rsvd:        0
HugePages_Surp:        0
Hugepagesize:       2048 kB
DirectMap4k:        8184 kB
DirectMap2M:      905216 kB


CPU:total 4 (2 cores per cpu, 2 threads per core) family 6 model 37 stepping 5, cmov, cx8, fxsr, mmx, sse, sse2, sse3, ssse3, sse4.1, sse4.2, popcnt, ht, tsc, tscinvbit

/proc/cpuinfo:
processor	: 0
vendor_id	: GenuineIntel
cpu family	: 6
model		: 37
model name	: Intel(R) Core(TM) i5 CPU         650  @ 3.20GHz
stepping	: 5
microcode	: 0x2
cpu MHz		: 3193.000
cache size	: 4096 KB
physical id	: 0
siblings	: 4
core id		: 0
cpu cores	: 2
apicid		: 0
initial apicid	: 0
fdiv_bug	: no
hlt_bug		: no
f00f_bug	: no
coma_bug	: no
fpu		: yes
fpu_exception	: yes
cpuid level	: 11
wp		: yes
flags		: fpu vme de pse tsc msr pae mce cx8 apic sep mtrr pge mca cmov pat pse36 clflush dts acpi mmx fxsr sse sse2 ss ht tm pbe nx rdtscp lm constant_tsc arch_perfmon pebs bts xtopology nonstop_tsc aperfmperf pni pclmulqdq dtes64 monitor ds_cpl vmx smx est tm2 ssse3 cx16 xtpr pdcm pcid sse4_1 sse4_2 popcnt aes lahf_lm ida arat dtherm tpr_shadow vnmi flexpriority ept vpid
bogomips	: 6384.09
clflush size	: 64
cache_alignment	: 64
address sizes	: 36 bits physical, 48 bits virtual
power management:

processor	: 1
vendor_id	: GenuineIntel
cpu family	: 6
model		: 37
model name	: Intel(R) Core(TM) i5 CPU         650  @ 3.20GHz
stepping	: 5
microcode	: 0x2
cpu MHz		: 3193.000
cache size	: 4096 KB
physical id	: 0
siblings	: 4
core id		: 2
cpu cores	: 2
apicid		: 4
initial apicid	: 4
fdiv_bug	: no
hlt_bug		: no
f00f_bug	: no
coma_bug	: no
fpu		: yes
fpu_exception	: yes
cpuid level	: 11
wp		: yes
flags		: fpu vme de pse tsc msr pae mce cx8 apic sep mtrr pge mca cmov pat pse36 clflush dts acpi mmx fxsr sse sse2 ss ht tm pbe nx rdtscp lm constant_tsc arch_perfmon pebs bts xtopology nonstop_tsc aperfmperf pni pclmulqdq dtes64 monitor ds_cpl vmx smx est tm2 ssse3 cx16 xtpr pdcm pcid sse4_1 sse4_2 popcnt aes lahf_lm ida arat dtherm tpr_shadow vnmi flexpriority ept vpid
bogomips	: 6383.85
clflush size	: 64
cache_alignment	: 64
address sizes	: 36 bits physical, 48 bits virtual
power management:

processor	: 2
vendor_id	: GenuineIntel
cpu family	: 6
model		: 37
model name	: Intel(R) Core(TM) i5 CPU         650  @ 3.20GHz
stepping	: 5
microcode	: 0x2
cpu MHz		: 3193.000
cache size	: 4096 KB
physical id	: 0
siblings	: 4
core id		: 0
cpu cores	: 2
apicid		: 1
initial apicid	: 1
fdiv_bug	: no
hlt_bug		: no
f00f_bug	: no
coma_bug	: no
fpu		: yes
fpu_exception	: yes
cpuid level	: 11
wp		: yes
flags		: fpu vme de pse tsc msr pae mce cx8 apic sep mtrr pge mca cmov pat pse36 clflush dts acpi mmx fxsr sse sse2 ss ht tm pbe nx rdtscp lm constant_tsc arch_perfmon pebs bts xtopology nonstop_tsc aperfmperf pni pclmulqdq dtes64 monitor ds_cpl vmx smx est tm2 ssse3 cx16 xtpr pdcm pcid sse4_1 sse4_2 popcnt aes lahf_lm ida arat dtherm tpr_shadow vnmi flexpriority ept vpid
bogomips	: 6383.83
clflush size	: 64
cache_alignment	: 64
address sizes	: 36 bits physical, 48 bits virtual
power management:

processor	: 3
vendor_id	: GenuineIntel
cpu family	: 6
model		: 37
model name	: Intel(R) Core(TM) i5 CPU         650  @ 3.20GHz
stepping	: 5
microcode	: 0x2
cpu MHz		: 3193.000
cache size	: 4096 KB
physical id	: 0
siblings	: 4
core id		: 2
cpu cores	: 2
apicid		: 5
initial apicid	: 5
fdiv_bug	: no
hlt_bug		: no
f00f_bug	: no
coma_bug	: no
fpu		: yes
fpu_exception	: yes
cpuid level	: 11
wp		: yes
flags		: fpu vme de pse tsc msr pae mce cx8 apic sep mtrr pge mca cmov pat pse36 clflush dts acpi mmx fxsr sse sse2 ss ht tm pbe nx rdtscp lm constant_tsc arch_perfmon pebs bts xtopology nonstop_tsc aperfmperf pni pclmulqdq dtes64 monitor ds_cpl vmx smx est tm2 ssse3 cx16 xtpr pdcm pcid sse4_1 sse4_2 popcnt aes lahf_lm ida arat dtherm tpr_shadow vnmi flexpriority ept vpid
bogomips	: 6383.84
clflush size	: 64
cache_alignment	: 64
address sizes	: 36 bits physical, 48 bits virtual
power management:



Memory: 4k page, physical 4053392k(2380004k free), swap 8393924k(8381616k free)

vm_info: OpenJDK Server VM (23.2-b09) for linux-x86 JRE (1.7.0_07-b30), built on Sep 19 2012 07:05:18 by "buildd" with gcc 4.6.3

time: Tue Oct 16 18:43:12 2012
elapsed time: 8323 seconds

